[ 2014-12-08T00:00:02+08:00 ] 127.0.0.1 /OA/Schedule/calendar.html
INFO: [ app_init ] --START--
INFO: Run Behavior\BuildLiteBehavior [ RunTime:0.000000s ]
INFO: [ app_init ] --END-- [ RunTime:0.000000s ]
INFO: [ app_begin ] --START--
INFO: Run Behavior\ReadHtmlCacheBehavior [ RunTime:0.000000s ]
INFO: [ app_begin ] --END-- [ RunTime:0.000000s ]
INFO: [ view_parse ] --START--
INFO: [ template_filter ] --START--
INFO: Run Behavior\ContentReplaceBehavior [ RunTime:0.000000s ]
INFO: [ template_filter ] --END-- [ RunTime:0.000000s ]
INFO: Run Behavior\ParseTemplateBehavior [ RunTime:0.015600s ]
INFO: [ view_parse ] --END-- [ RunTime:0.015600s ]
INFO: [ view_filter ] --START--
INFO: Run Behavior\WriteHtmlCacheBehavior [ RunTime:0.000000s ]
INFO: [ view_filter ] --END-- [ RunTime:0.000000s ]
INFO: [ app_end ] --START--
INFO: Run Behavior\ShowPageTraceBehavior [ RunTime:0.000000s ]
INFO: [ app_end ] --END-- [ RunTime:0.000000s ]

[ 2014-12-08T00:00:03+08:00 ] 127.0.0.1 /OA/Schedule/getEvents/id/1.html?start=2014-12-01&end=2015-01-12&_=1417968002896
INFO: [ app_init ] --START--
INFO: Run Behavior\BuildLiteBehavior [ RunTime:0.000000s ]
INFO: [ app_init ] --END-- [ RunTime:0.000000s ]
INFO: [ app_begin ] --START--
INFO: Run Behavior\ReadHtmlCacheBehavior [ RunTime:0.015600s ]
INFO: [ app_begin ] --END-- [ RunTime:0.015600s ]
NOTIC: [8192] mysql_connect(): The mysql extension is deprecated and will be removed in the future: use mysqli or PDO instead D:\wamp\www\OA\Think\Library\Think\Db\Driver\Mysql.class.php 第 52 行.
SQL: SHOW COLUMNS FROM `oa_schedule` [ RunTime:0.015600s ]
SQL: SELECT `id`,`title`,`begin_time`,`end_time`,`is_allday`,`color` FROM `oa_schedule` WHERE `begin_time` BETWEEN '2014-12-01 00:00' AND '2014-12-08 23:59' AND `user_id` = 1 ORDER BY begin_time asc  [ RunTime:0.000000s ]

[ 2014-12-08T00:00:14+08:00 ] 127.0.0.1 /OA/Schedule/add.html
INFO: [ app_init ] --START--
INFO: Run Behavior\BuildLiteBehavior [ RunTime:0.000000s ]
INFO: [ app_init ] --END-- [ RunTime:0.000000s ]
INFO: [ app_begin ] --START--
INFO: Run Behavior\ReadHtmlCacheBehavior [ RunTime:0.000000s ]
INFO: [ app_begin ] --END-- [ RunTime:0.000000s ]
NOTIC: [8192] mysql_connect(): The mysql extension is deprecated and will be removed in the future: use mysqli or PDO instead D:\wamp\www\OA\Think\Library\Think\Db\Driver\Mysql.class.php 第 52 行.
SQL: SHOW COLUMNS FROM `oa_schedule` [ RunTime:0.000000s ]
SQL: INSERT INTO `oa_schedule` (`title`,`begin_time`,`end_time`,`is_allday`,`user_id`,`color`) VALUES ('召开群众座谈会','2014-12-14 8:30','2014-12-14 12:00',0,1,'#DC143C') [ RunTime:0.000000s ]

[ 2014-12-08T00:00:15+08:00 ] 127.0.0.1 /OA/Schedule/getEvents/id/1.html?start=2014-12-08&end=2014-12-15&_=1417968002897
INFO: [ app_init ] --START--
INFO: Run Behavior\BuildLiteBehavior [ RunTime:0.000000s ]
INFO: [ app_init ] --END-- [ RunTime:0.000000s ]
INFO: [ app_begin ] --START--
INFO: Run Behavior\ReadHtmlCacheBehavior [ RunTime:0.000000s ]
INFO: [ app_begin ] --END-- [ RunTime:0.000000s ]
NOTIC: [8192] mysql_connect(): The mysql extension is deprecated and will be removed in the future: use mysqli or PDO instead D:\wamp\www\OA\Think\Library\Think\Db\Driver\Mysql.class.php 第 52 行.
SQL: SHOW COLUMNS FROM `oa_schedule` [ RunTime:0.000000s ]
SQL: SELECT `id`,`title`,`begin_time`,`end_time`,`is_allday`,`color` FROM `oa_schedule` WHERE `begin_time` BETWEEN '2014-12-01 00:00' AND '2014-12-08 23:59' AND `user_id` = 1 ORDER BY begin_time asc  [ RunTime:0.000000s ]

[ 2014-12-08T00:00:20+08:00 ] 127.0.0.1 /OA/Schedule/getEvents/id/1.html?start=2014-12-01&end=2014-12-08&_=1417968002898
INFO: [ app_init ] --START--
INFO: Run Behavior\BuildLiteBehavior [ RunTime:0.000000s ]
INFO: [ app_init ] --END-- [ RunTime:0.000000s ]
INFO: [ app_begin ] --START--
INFO: Run Behavior\ReadHtmlCacheBehavior [ RunTime:0.000000s ]
INFO: [ app_begin ] --END-- [ RunTime:0.000000s ]
NOTIC: [8192] mysql_connect(): The mysql extension is deprecated and will be removed in the future: use mysqli or PDO instead D:\wamp\www\OA\Think\Library\Think\Db\Driver\Mysql.class.php 第 52 行.
SQL: SHOW COLUMNS FROM `oa_schedule` [ RunTime:0.000000s ]
SQL: SELECT `id`,`title`,`begin_time`,`end_time`,`is_allday`,`color` FROM `oa_schedule` WHERE `begin_time` BETWEEN '2014-12-01 00:00' AND '2014-12-08 23:59' AND `user_id` = 1 ORDER BY begin_time asc  [ RunTime:0.000000s ]

[ 2014-12-08T00:00:39+08:00 ] 127.0.0.1 /OA/Schedule/calendar.html
INFO: [ app_init ] --START--
INFO: Run Behavior\BuildLiteBehavior [ RunTime:0.000000s ]
INFO: [ app_init ] --END-- [ RunTime:0.000000s ]
INFO: [ app_begin ] --START--
INFO: Run Behavior\ReadHtmlCacheBehavior [ RunTime:0.015600s ]
INFO: [ app_begin ] --END-- [ RunTime:0.015600s ]
INFO: [ view_parse ] --START--
INFO: [ template_filter ] --START--
INFO: Run Behavior\ContentReplaceBehavior [ RunTime:0.015600s ]
INFO: [ template_filter ] --END-- [ RunTime:0.015600s ]
INFO: Run Behavior\ParseTemplateBehavior [ RunTime:0.015600s ]
INFO: [ view_parse ] --END-- [ RunTime:0.015600s ]
INFO: [ view_filter ] --START--
INFO: Run Behavior\WriteHtmlCacheBehavior [ RunTime:0.000000s ]
INFO: [ view_filter ] --END-- [ RunTime:0.000000s ]
INFO: [ app_end ] --START--
INFO: Run Behavior\ShowPageTraceBehavior [ RunTime:0.000000s ]
INFO: [ app_end ] --END-- [ RunTime:0.000000s ]

[ 2014-12-08T00:00:40+08:00 ] 127.0.0.1 /OA/Schedule/getEvents/id/1.html?start=2014-12-01&end=2015-01-12&_=1417968040006
INFO: [ app_init ] --START--
INFO: Run Behavior\BuildLiteBehavior [ RunTime:0.000000s ]
INFO: [ app_init ] --END-- [ RunTime:0.000000s ]
INFO: [ app_begin ] --START--
INFO: Run Behavior\ReadHtmlCacheBehavior [ RunTime:0.000000s ]
INFO: [ app_begin ] --END-- [ RunTime:0.000000s ]
NOTIC: [8192] mysql_connect(): The mysql extension is deprecated and will be removed in the future: use mysqli or PDO instead D:\wamp\www\OA\Think\Library\Think\Db\Driver\Mysql.class.php 第 52 行.
SQL: SHOW COLUMNS FROM `oa_schedule` [ RunTime:0.000000s ]
SQL: SELECT `id`,`title`,`begin_time`,`end_time`,`is_allday`,`color` FROM `oa_schedule` WHERE `begin_time` BETWEEN '2014-12-01 00:00' AND '2014-12-08 23:59' AND `user_id` = 1 ORDER BY begin_time asc  [ RunTime:0.000000s ]

[ 2014-12-08T00:01:08+08:00 ] 127.0.0.1 /OA/Schedule/add.html
INFO: [ app_init ] --START--
INFO: Run Behavior\BuildLiteBehavior [ RunTime:0.000000s ]
INFO: [ app_init ] --END-- [ RunTime:0.000000s ]
INFO: [ app_begin ] --START--
INFO: Run Behavior\ReadHtmlCacheBehavior [ RunTime:0.000000s ]
INFO: [ app_begin ] --END-- [ RunTime:0.000000s ]
NOTIC: [8192] mysql_connect(): The mysql extension is deprecated and will be removed in the future: use mysqli or PDO instead D:\wamp\www\OA\Think\Library\Think\Db\Driver\Mysql.class.php 第 52 行.
SQL: SHOW COLUMNS FROM `oa_schedule` [ RunTime:0.000000s ]
SQL: INSERT INTO `oa_schedule` (`title`,`begin_time`,`end_time`,`is_allday`,`user_id`,`color`) VALUES ('测试保存','2014-12-7 10:00','2014-12-7 13:30',0,1,'#DC143C') [ RunTime:0.000000s ]

[ 2014-12-08T00:01:08+08:00 ] 127.0.0.1 /OA/Schedule/getEvents/id/1.html?start=2014-12-01&end=2014-12-08&_=1417968040007
INFO: [ app_init ] --START--
INFO: Run Behavior\BuildLiteBehavior [ RunTime:0.000000s ]
INFO: [ app_init ] --END-- [ RunTime:0.000000s ]
INFO: [ app_begin ] --START--
INFO: Run Behavior\ReadHtmlCacheBehavior [ RunTime:0.000000s ]
INFO: [ app_begin ] --END-- [ RunTime:0.000000s ]
NOTIC: [8192] mysql_connect(): The mysql extension is deprecated and will be removed in the future: use mysqli or PDO instead D:\wamp\www\OA\Think\Library\Think\Db\Driver\Mysql.class.php 第 52 行.
SQL: SHOW COLUMNS FROM `oa_schedule` [ RunTime:0.000000s ]
SQL: SELECT `id`,`title`,`begin_time`,`end_time`,`is_allday`,`color` FROM `oa_schedule` WHERE `begin_time` BETWEEN '2014-12-01 00:00' AND '2014-12-08 23:59' AND `user_id` = 1 ORDER BY begin_time asc  [ RunTime:0.000000s ]

[ 2014-12-08T00:01:26+08:00 ] 127.0.0.1 /OA/Schedule/add.html
INFO: [ app_init ] --START--
INFO: Run Behavior\BuildLiteBehavior [ RunTime:0.000000s ]
INFO: [ app_init ] --END-- [ RunTime:0.000000s ]
INFO: [ app_begin ] --START--
INFO: Run Behavior\ReadHtmlCacheBehavior [ RunTime:0.000000s ]
INFO: [ app_begin ] --END-- [ RunTime:0.000000s ]
NOTIC: [8192] mysql_connect(): The mysql extension is deprecated and will be removed in the future: use mysqli or PDO instead D:\wamp\www\OA\Think\Library\Think\Db\Driver\Mysql.class.php 第 52 行.
SQL: SHOW COLUMNS FROM `oa_schedule` [ RunTime:0.000000s ]
SQL: INSERT INTO `oa_schedule` (`title`,`begin_time`,`end_time`,`is_allday`,`user_id`,`color`) VALUES ('测试没有结束时间','2014-12-7 7:00','2014-12-7 7:30',0,1,'#DC143C') [ RunTime:0.000000s ]

[ 2014-12-08T00:01:26+08:00 ] 127.0.0.1 /OA/Schedule/getEvents/id/1.html?start=2014-12-01&end=2014-12-08&_=1417968040008
INFO: [ app_init ] --START--
INFO: Run Behavior\BuildLiteBehavior [ RunTime:0.000000s ]
INFO: [ app_init ] --END-- [ RunTime:0.000000s ]
INFO: [ app_begin ] --START--
INFO: Run Behavior\ReadHtmlCacheBehavior [ RunTime:0.000000s ]
INFO: [ app_begin ] --END-- [ RunTime:0.000000s ]
NOTIC: [8192] mysql_connect(): The mysql extension is deprecated and will be removed in the future: use mysqli or PDO instead D:\wamp\www\OA\Think\Library\Think\Db\Driver\Mysql.class.php 第 52 行.
SQL: SHOW COLUMNS FROM `oa_schedule` [ RunTime:0.000000s ]
SQL: SELECT `id`,`title`,`begin_time`,`end_time`,`is_allday`,`color` FROM `oa_schedule` WHERE `begin_time` BETWEEN '2014-12-01 00:00' AND '2014-12-08 23:59' AND `user_id` = 1 ORDER BY begin_time asc  [ RunTime:0.000000s ]

[ 2014-12-08T00:01:55+08:00 ] 127.0.0.1 /OA/Schedule/getEvents/id/1.html?start=2014-12-01&end=2015-01-12&_=1417968040009
INFO: [ app_init ] --START--
INFO: Run Behavior\BuildLiteBehavior [ RunTime:0.000000s ]
INFO: [ app_init ] --END-- [ RunTime:0.000000s ]
INFO: [ app_begin ] --START--
INFO: Run Behavior\ReadHtmlCacheBehavior [ RunTime:0.000000s ]
INFO: [ app_begin ] --END-- [ RunTime:0.000000s ]
NOTIC: [8192] mysql_connect(): The mysql extension is deprecated and will be removed in the future: use mysqli or PDO instead D:\wamp\www\OA\Think\Library\Think\Db\Driver\Mysql.class.php 第 52 行.
SQL: SHOW COLUMNS FROM `oa_schedule` [ RunTime:0.000000s ]
SQL: SELECT `id`,`title`,`begin_time`,`end_time`,`is_allday`,`color` FROM `oa_schedule` WHERE `begin_time` BETWEEN '2014-12-01 00:00' AND '2014-12-08 23:59' AND `user_id` = 1 ORDER BY begin_time asc  [ RunTime:0.000000s ]

[ 2014-12-08T00:02:18+08:00 ] 127.0.0.1 /OA/Schedule/add.html
INFO: [ app_init ] --START--
INFO: Run Behavior\BuildLiteBehavior [ RunTime:0.000000s ]
INFO: [ app_init ] --END-- [ RunTime:0.000000s ]
INFO: [ app_begin ] --START--
INFO: Run Behavior\ReadHtmlCacheBehavior [ RunTime:0.000000s ]
INFO: [ app_begin ] --END-- [ RunTime:0.000000s ]
NOTIC: [8192] mysql_connect(): The mysql extension is deprecated and will be removed in the future: use mysqli or PDO instead D:\wamp\www\OA\Think\Library\Think\Db\Driver\Mysql.class.php 第 52 行.
SQL: SHOW COLUMNS FROM `oa_schedule` [ RunTime:0.000000s ]
SQL: INSERT INTO `oa_schedule` (`title`,`begin_time`,`end_time`,`is_allday`,`user_id`,`color`) VALUES ('打电话给王总','2014-12-8 13:30','2014-12-8 14:00',0,1,'#DC143C') [ RunTime:0.000000s ]

[ 2014-12-08T00:02:18+08:00 ] 127.0.0.1 /OA/Schedule/getEvents/id/1.html?start=2014-12-08&end=2014-12-09&_=1417968040010
INFO: [ app_init ] --START--
INFO: Run Behavior\BuildLiteBehavior [ RunTime:0.000000s ]
INFO: [ app_init ] --END-- [ RunTime:0.000000s ]
INFO: [ app_begin ] --START--
INFO: Run Behavior\ReadHtmlCacheBehavior [ RunTime:0.000000s ]
INFO: [ app_begin ] --END-- [ RunTime:0.000000s ]
NOTIC: [8192] mysql_connect(): The mysql extension is deprecated and will be removed in the future: use mysqli or PDO instead D:\wamp\www\OA\Think\Library\Think\Db\Driver\Mysql.class.php 第 52 行.
SQL: SHOW COLUMNS FROM `oa_schedule` [ RunTime:0.000000s ]
SQL: SELECT `id`,`title`,`begin_time`,`end_time`,`is_allday`,`color` FROM `oa_schedule` WHERE `begin_time` BETWEEN '2014-12-01 00:00' AND '2014-12-08 23:59' AND `user_id` = 1 ORDER BY begin_time asc  [ RunTime:0.000000s ]

[ 2014-12-08T00:03:52+08:00 ] 127.0.0.1 /OA/Index/logout.html
INFO: [ app_init ] --START--
INFO: Run Behavior\BuildLiteBehavior [ RunTime:0.000000s ]
INFO: [ app_init ] --END-- [ RunTime:0.000000s ]
INFO: [ app_begin ] --START--
INFO: Run Behavior\ReadHtmlCacheBehavior [ RunTime:0.000000s ]
INFO: [ app_begin ] --END-- [ RunTime:0.000000s ]
NOTIC: [8192] mysql_connect(): The mysql extension is deprecated and will be removed in the future: use mysqli or PDO instead D:\wamp\www\OA\Think\Library\Think\Db\Driver\Mysql.class.php 第 52 行.
SQL: SHOW COLUMNS FROM `oa_user` [ RunTime:0.000000s ]
SQL: SELECT * FROM `oa_user` WHERE `id` = 1 LIMIT 1   [ RunTime:0.000000s ]
SQL: UPDATE `oa_user` SET `username`='qiuwq',`password`='81dc9bdb52d04dc20036dbd8313ed055',`first_name`='丘',`last_name`='卫青',`gender`='M',`birthday`='1980-01-01',`begin_work_date`='1985-01-01',`enter_date`='2011-03-22',`email`='qiuwq@qq.com',`image_url`='/public/headimage',`last_login`='2014-12-07 23:54:06',`login_count`=9,`is_login`=0,`is_active`=1,`is_super`=0,`department_id`=1,`duty_id`=1,`level_id`=1,`create_time`='2014-12-04 10:20:07',`update_time`='2014-12-04 10:20:07' WHERE `id` = 1 [ RunTime:0.000000s ]

[ 2014-12-08T00:03:52+08:00 ] 127.0.0.1 /OA/Index/index.html
INFO: [ app_init ] --START--
INFO: Run Behavior\BuildLiteBehavior [ RunTime:0.000000s ]
INFO: [ app_init ] --END-- [ RunTime:0.000000s ]
INFO: [ app_begin ] --START--
INFO: Run Behavior\ReadHtmlCacheBehavior [ RunTime:0.000000s ]
INFO: [ app_begin ] --END-- [ RunTime:0.000000s ]
NOTIC: [8192] mysql_connect(): The mysql extension is deprecated and will be removed in the future: use mysqli or PDO instead D:\wamp\www\OA\Think\Library\Think\Db\Driver\Mysql.class.php 第 52 行.
SQL: SHOW COLUMNS FROM `oa_duty` [ RunTime:0.000000s ]
SQL: SHOW COLUMNS FROM `oa_level` [ RunTime:0.000000s ]
SQL: SHOW COLUMNS FROM `oa_department` [ RunTime:0.000000s ]
SQL: SELECT `id`,`name` FROM `oa_department`  [ RunTime:0.000000s ]
SQL: SELECT `id`,`name` FROM `oa_level`  [ RunTime:0.000000s ]
SQL: SELECT `id`,`name` FROM `oa_duty`  [ RunTime:0.015600s ]
INFO: [ view_parse ] --START--
INFO: [ template_filter ] --START--
INFO: Run Behavior\ContentReplaceBehavior [ RunTime:0.000000s ]
INFO: [ template_filter ] --END-- [ RunTime:0.000000s ]
INFO: Run Behavior\ParseTemplateBehavior [ RunTime:0.015600s ]
INFO: [ view_parse ] --END-- [ RunTime:0.015600s ]
INFO: [ view_filter ] --START--
INFO: Run Behavior\WriteHtmlCacheBehavior [ RunTime:0.000000s ]
INFO: [ view_filter ] --END-- [ RunTime:0.000000s ]
INFO: [ app_end ] --START--
INFO: Run Behavior\ShowPageTraceBehavior [ RunTime:0.000000s ]
INFO: [ app_end ] --END-- [ RunTime:0.000000s ]

[ 2014-12-08T00:03:56+08:00 ] 127.0.0.1 /OA/Index/login.html
INFO: [ app_init ] --START--
INFO: Run Behavior\BuildLiteBehavior [ RunTime:0.000000s ]
INFO: [ app_init ] --END-- [ RunTime:0.000000s ]
INFO: [ app_begin ] --START--
INFO: Run Behavior\ReadHtmlCacheBehavior [ RunTime:0.000000s ]
INFO: [ app_begin ] --END-- [ RunTime:0.000000s ]
NOTIC: [8192] mysql_connect(): The mysql extension is deprecated and will be removed in the future: use mysqli or PDO instead D:\wamp\www\OA\Think\Library\Think\Db\Driver\Mysql.class.php 第 52 行.
SQL: SHOW COLUMNS FROM `oa_user` [ RunTime:0.000000s ]
SQL: SELECT * FROM `oa_user` WHERE `username` = 'zengk' AND `password` = 'c4ca4238a0b923820dcc509a6f75849b' LIMIT 1   [ RunTime:0.000000s ]
SQL: UPDATE `oa_user` SET `username`='zengk',`password`='c4ca4238a0b923820dcc509a6f75849b',`first_name`='曾',`last_name`='科',`gender`='M',`birthday`='1981-01-08',`begin_work_date`='2006-07-01',`enter_date`='2013-04-23',`email`='38170508@qq.com',`image_url`='public',`last_login`='2014-12-08 00:03:56',`login_count`=15,`is_login`=1,`is_active`=1,`is_super`=1,`department_id`=5,`duty_id`=5,`level_id`=4,`create_time`='2014-12-04 10:44:27',`update_time`='2014-12-04 10:52:21' WHERE `id` = 13 [ RunTime:0.000000s ]

[ 2014-12-08T00:03:56+08:00 ] 127.0.0.1 /OA/Index/main.html
INFO: [ app_init ] --START--
INFO: Run Behavior\BuildLiteBehavior [ RunTime:0.000000s ]
INFO: [ app_init ] --END-- [ RunTime:0.000000s ]
INFO: [ app_begin ] --START--
INFO: Run Behavior\ReadHtmlCacheBehavior [ RunTime:0.000000s ]
INFO: [ app_begin ] --END-- [ RunTime:0.000000s ]
NOTIC: [8192] mysql_connect(): The mysql extension is deprecated and will be removed in the future: use mysqli or PDO instead D:\wamp\www\OA\Think\Library\Think\Db\Driver\Mysql.class.php 第 52 行.
SQL: SHOW COLUMNS FROM `oa_saying` [ RunTime:0.000000s ]
SQL: SELECT MIN(id) AS tp_min FROM `oa_saying` LIMIT 1   [ RunTime:0.000000s ]
SQL: SELECT MAX(id) AS tp_max FROM `oa_saying` LIMIT 1   [ RunTime:0.000000s ]
SQL: SELECT `content` FROM `oa_saying` WHERE `id` = 14 LIMIT 1   [ RunTime:0.000000s ]
SQL: SHOW COLUMNS FROM `oa_schedule` [ RunTime:0.000000s ]
SQL: SHOW COLUMNS FROM `oa_user` [ RunTime:0.015600s ]
SQL: SHOW COLUMNS FROM `oa_user` [ RunTime:0.000000s ]
SQL: SELECT a.id,a.username,a.last_name,a.first_name FROM oa_user a LEFT JOIN oa_department b on a.department_id = b.id  WHERE b.name = '委领导'  [ RunTime:0.000000s ]
SQL: SELECT `id`,`title`,`begin_time`,`end_time`,`is_allday`,`user_id`,`recorder`,`color` FROM `oa_schedule` WHERE `user_id` = 1 AND `begin_time` BETWEEN '2014-12-08 00:00' AND '2014-12-08 23:59' ORDER BY begin_time asc  [ RunTime:0.000000s ]
ERR: 1054:Champ 'recorder' inconnu dans field list
 [ SQL语句 ] : SELECT `id`,`title`,`begin_time`,`end_time`,`is_allday`,`user_id`,`recorder`,`color` FROM `oa_schedule` WHERE `user_id` = 1 AND `begin_time` BETWEEN '2014-12-08 00:00' AND '2014-12-08 23:59' ORDER BY begin_time asc 
SQL: SELECT `id`,`title`,`begin_time`,`end_time`,`is_allday`,`user_id`,`recorder`,`color` FROM `oa_schedule` WHERE `user_id` = 2 AND `begin_time` BETWEEN '2014-12-08 00:00' AND '2014-12-08 23:59' ORDER BY begin_time asc  [ RunTime:0.000000s ]
ERR: 1054:Champ 'recorder' inconnu dans field list
 [ SQL语句 ] : SELECT `id`,`title`,`begin_time`,`end_time`,`is_allday`,`user_id`,`recorder`,`color` FROM `oa_schedule` WHERE `user_id` = 2 AND `begin_time` BETWEEN '2014-12-08 00:00' AND '2014-12-08 23:59' ORDER BY begin_time asc 
INFO: [ view_parse ] --START--
INFO: [ template_filter ] --START--
INFO: Run Behavior\ContentReplaceBehavior [ RunTime:0.000000s ]
INFO: [ template_filter ] --END-- [ RunTime:0.000000s ]
INFO: Run Behavior\ParseTemplateBehavior [ RunTime:0.031200s ]
INFO: [ view_parse ] --END-- [ RunTime:0.031200s ]
INFO: [ view_filter ] --START--
INFO: Run Behavior\WriteHtmlCacheBehavior [ RunTime:0.000000s ]
INFO: [ view_filter ] --END-- [ RunTime:0.000000s ]
INFO: [ app_end ] --START--
INFO: Run Behavior\ShowPageTraceBehavior [ RunTime:0.000000s ]
INFO: [ app_end ] --END-- [ RunTime:0.000000s ]

[ 2014-12-08T00:03:58+08:00 ] 127.0.0.1 /OA/Schedule/calendar.html
INFO: [ app_init ] --START--
INFO: Run Behavior\BuildLiteBehavior [ RunTime:0.000000s ]
INFO: [ app_init ] --END-- [ RunTime:0.015600s ]
INFO: [ app_begin ] --START--
INFO: Run Behavior\ReadHtmlCacheBehavior [ RunTime:0.000000s ]
INFO: [ app_begin ] --END-- [ RunTime:0.000000s ]
INFO: [ view_parse ] --START--
INFO: [ template_filter ] --START--
INFO: Run Behavior\ContentReplaceBehavior [ RunTime:0.000000s ]
INFO: [ template_filter ] --END-- [ RunTime:0.000000s ]
INFO: Run Behavior\ParseTemplateBehavior [ RunTime:0.015600s ]
INFO: [ view_parse ] --END-- [ RunTime:0.015600s ]
INFO: [ view_filter ] --START--
INFO: Run Behavior\WriteHtmlCacheBehavior [ RunTime:0.000000s ]
INFO: [ view_filter ] --END-- [ RunTime:0.000000s ]
INFO: [ app_end ] --START--
INFO: Run Behavior\ShowPageTraceBehavior [ RunTime:0.000000s ]
INFO: [ app_end ] --END-- [ RunTime:0.000000s ]

[ 2014-12-08T00:03:59+08:00 ] 127.0.0.1 /OA/Schedule/getEvents/id/13.html?start=2014-12-01&end=2015-01-12&_=1417968238665
INFO: [ app_init ] --START--
INFO: Run Behavior\BuildLiteBehavior [ RunTime:0.000000s ]
INFO: [ app_init ] --END-- [ RunTime:0.015600s ]
INFO: [ app_begin ] --START--
INFO: Run Behavior\ReadHtmlCacheBehavior [ RunTime:0.000000s ]
INFO: [ app_begin ] --END-- [ RunTime:0.000000s ]
NOTIC: [8192] mysql_connect(): The mysql extension is deprecated and will be removed in the future: use mysqli or PDO instead D:\wamp\www\OA\Think\Library\Think\Db\Driver\Mysql.class.php 第 52 行.
SQL: SHOW COLUMNS FROM `oa_schedule` [ RunTime:0.000000s ]
SQL: SELECT `id`,`title`,`begin_time`,`end_time`,`is_allday`,`color` FROM `oa_schedule` WHERE `begin_time` BETWEEN '2014-12-01 00:00' AND '2014-12-08 23:59' AND `user_id` = 13 ORDER BY begin_time asc  [ RunTime:0.000000s ]
NOTIC: [2] Invalid argument supplied for foreach() D:\wamp\www\OA\Apps\OA\Controller\ScheduleController.class.php 第 14 行.
NOTIC: [8] Undefined variable: data D:\wamp\www\OA\Apps\OA\Controller\ScheduleController.class.php 第 24 行.

[ 2014-12-08T00:04:06+08:00 ] 127.0.0.1 /OA/Schedule/add.html
INFO: [ app_init ] --START--
INFO: Run Behavior\BuildLiteBehavior [ RunTime:0.000000s ]
INFO: [ app_init ] --END-- [ RunTime:0.000000s ]
INFO: [ app_begin ] --START--
INFO: Run Behavior\ReadHtmlCacheBehavior [ RunTime:0.000000s ]
INFO: [ app_begin ] --END-- [ RunTime:0.000000s ]
NOTIC: [8192] mysql_connect(): The mysql extension is deprecated and will be removed in the future: use mysqli or PDO instead D:\wamp\www\OA\Think\Library\Think\Db\Driver\Mysql.class.php 第 52 行.
SQL: SHOW COLUMNS FROM `oa_schedule` [ RunTime:0.000000s ]
SQL: INSERT INTO `oa_schedule` (`title`,`begin_time`,`end_time`,`is_allday`,`user_id`,`color`) VALUES ('测试','2014-12-8 0:00','2014-12-10 0:00',0,13,'#DC143C') [ RunTime:0.000000s ]

[ 2014-12-08T00:04:06+08:00 ] 127.0.0.1 /OA/Schedule/getEvents/id/13.html?start=2014-12-01&end=2015-01-12&_=1417968238666
INFO: [ app_init ] --START--
INFO: Run Behavior\BuildLiteBehavior [ RunTime:0.000000s ]
INFO: [ app_init ] --END-- [ RunTime:0.000000s ]
INFO: [ app_begin ] --START--
INFO: Run Behavior\ReadHtmlCacheBehavior [ RunTime:0.000000s ]
INFO: [ app_begin ] --END-- [ RunTime:0.000000s ]
NOTIC: [8192] mysql_connect(): The mysql extension is deprecated and will be removed in the future: use mysqli or PDO instead D:\wamp\www\OA\Think\Library\Think\Db\Driver\Mysql.class.php 第 52 行.
SQL: SHOW COLUMNS FROM `oa_schedule` [ RunTime:0.000000s ]
SQL: SELECT `id`,`title`,`begin_time`,`end_time`,`is_allday`,`color` FROM `oa_schedule` WHERE `begin_time` BETWEEN '2014-12-01 00:00' AND '2014-12-08 23:59' AND `user_id` = 13 ORDER BY begin_time asc  [ RunTime:0.000000s ]

[ 2014-12-08T00:06:19+08:00 ] 127.0.0.1 /OA/Schedule/calendar.html
INFO: [ app_init ] --START--
INFO: Run Behavior\BuildLiteBehavior [ RunTime:0.000000s ]
INFO: [ app_init ] --END-- [ RunTime:0.000000s ]
INFO: [ app_begin ] --START--
INFO: Run Behavior\ReadHtmlCacheBehavior [ RunTime:0.015600s ]
INFO: [ app_begin ] --END-- [ RunTime:0.015600s ]
INFO: [ view_parse ] --START--
INFO: [ template_filter ] --START--
INFO: Run Behavior\ContentReplaceBehavior [ RunTime:0.000000s ]
INFO: [ template_filter ] --END-- [ RunTime:0.000000s ]
INFO: Run Behavior\ParseTemplateBehavior [ RunTime:0.015600s ]
INFO: [ view_parse ] --END-- [ RunTime:0.015600s ]
INFO: [ view_filter ] --START--
INFO: Run Behavior\WriteHtmlCacheBehavior [ RunTime:0.000000s ]
INFO: [ view_filter ] --END-- [ RunTime:0.000000s ]
INFO: [ app_end ] --START--
INFO: Run Behavior\ShowPageTraceBehavior [ RunTime:0.000000s ]
INFO: [ app_end ] --END-- [ RunTime:0.000000s ]

[ 2014-12-08T00:06:19+08:00 ] 127.0.0.1 /OA/Schedule/getEvents/id/13.html?start=2014-12-01&end=2015-01-12&_=1417968379387
INFO: [ app_init ] --START--
INFO: Run Behavior\BuildLiteBehavior [ RunTime:0.000000s ]
INFO: [ app_init ] --END-- [ RunTime:0.000000s ]
INFO: [ app_begin ] --START--
INFO: Run Behavior\ReadHtmlCacheBehavior [ RunTime:0.000000s ]
INFO: [ app_begin ] --END-- [ RunTime:0.000000s ]
NOTIC: [8192] mysql_connect(): The mysql extension is deprecated and will be removed in the future: use mysqli or PDO instead D:\wamp\www\OA\Think\Library\Think\Db\Driver\Mysql.class.php 第 52 行.
SQL: SHOW COLUMNS FROM `oa_schedule` [ RunTime:0.000000s ]
SQL: SELECT `id`,`title`,`begin_time`,`end_time`,`is_allday`,`color` FROM `oa_schedule` WHERE `begin_time` BETWEEN '2014-12-01 00:00' AND '2014-12-08 23:59' AND `user_id` = 13 ORDER BY begin_time asc  [ RunTime:0.000000s ]

[ 2014-12-08T00:06:33+08:00 ] 127.0.0.1 /OA/Schedule/calendar.html
INFO: [ app_init ] --START--
INFO: Run Behavior\BuildLiteBehavior [ RunTime:0.000000s ]
INFO: [ app_init ] --END-- [ RunTime:0.000000s ]
INFO: [ app_begin ] --START--
INFO: Run Behavior\ReadHtmlCacheBehavior [ RunTime:0.000000s ]
INFO: [ app_begin ] --END-- [ RunTime:0.000000s ]
INFO: [ view_parse ] --START--
INFO: [ template_filter ] --START--
INFO: Run Behavior\ContentReplaceBehavior [ RunTime:0.000000s ]
INFO: [ template_filter ] --END-- [ RunTime:0.000000s ]
INFO: Run Behavior\ParseTemplateBehavior [ RunTime:0.031200s ]
INFO: [ view_parse ] --END-- [ RunTime:0.031200s ]
INFO: [ view_filter ] --START--
INFO: Run Behavior\WriteHtmlCacheBehavior [ RunTime:0.000000s ]
INFO: [ view_filter ] --END-- [ RunTime:0.000000s ]
INFO: [ app_end ] --START--
INFO: Run Behavior\ShowPageTraceBehavior [ RunTime:0.000000s ]
INFO: [ app_end ] --END-- [ RunTime:0.000000s ]

[ 2014-12-08T00:06:34+08:00 ] 127.0.0.1 /OA/Schedule/getEvents/id/13.html?start=2014-12-01&end=2015-01-12&_=1417968394267
INFO: [ app_init ] --START--
INFO: Run Behavior\BuildLiteBehavior [ RunTime:0.000000s ]
INFO: [ app_init ] --END-- [ RunTime:0.000000s ]
INFO: [ app_begin ] --START--
INFO: Run Behavior\ReadHtmlCacheBehavior [ RunTime:0.000000s ]
INFO: [ app_begin ] --END-- [ RunTime:0.000000s ]
NOTIC: [8192] mysql_connect(): The mysql extension is deprecated and will be removed in the future: use mysqli or PDO instead D:\wamp\www\OA\Think\Library\Think\Db\Driver\Mysql.class.php 第 52 行.
SQL: SHOW COLUMNS FROM `oa_schedule` [ RunTime:0.015600s ]
SQL: SELECT `id`,`title`,`begin_time`,`end_time`,`is_allday`,`color` FROM `oa_schedule` WHERE `begin_time` BETWEEN '2014-12-01 00:00' AND '2014-12-08 23:59' AND `user_id` = 13 ORDER BY begin_time asc  [ RunTime:0.000000s ]

